2025-10-24 09:41:36,279 - INFO - 2025-10-24 09:41:36.279113: Added 10 of apple
2025-10-24 09:41:36,279 - INFO - 2025-10-24 09:41:36.279267: Added 2 of banana
2025-10-24 09:41:36,279 - INFO - 2025-10-24 09:41:36.279392: Added 0 of orange
2025-10-24 09:41:36,279 - INFO - Removed 'orange' from inventory.
2025-10-24 09:41:36,279 - INFO - Low stock items found: ['banana']
2025-10-24 09:41:36,279 - INFO - Data saved successfully to inventory.json
2025-10-24 09:41:36,279 - INFO - Data loaded successfully from inventory.json
2025-10-24 09:41:36,280 - INFO - Inventory system executed successfully.
2025-10-24 09:44:19,671 - INFO - 2025-10-24 09:44:19.671468: Added 10 of apple
2025-10-24 09:44:19,671 - INFO - 2025-10-24 09:44:19.671657: Added 2 of banana
2025-10-24 09:44:19,671 - INFO - 2025-10-24 09:44:19.671769: Added 0 of orange
2025-10-24 09:44:19,671 - INFO - Removed 'orange' from inventory.
2025-10-24 09:44:19,671 - INFO - Low stock items found: ['banana']
2025-10-24 09:44:19,672 - INFO - Data saved successfully to inventory.json
2025-10-24 09:44:19,672 - INFO - Data loaded successfully from inventory.json
2025-10-24 09:44:19,672 - INFO - Inventory system executed successfully.
2025-10-24 09:45:30,743 - INFO - 2025-10-24 09:45:30.743792: Added 10 of apple
2025-10-24 09:45:30,743 - INFO - 2025-10-24 09:45:30.743937: Added 2 of banana
2025-10-24 09:45:30,744 - INFO - 2025-10-24 09:45:30.744032: Added 0 of orange
2025-10-24 09:45:30,744 - INFO - Removed 'orange' from inventory.
2025-10-24 09:45:30,744 - INFO - Low stock items found: ['banana']
2025-10-24 09:45:30,744 - INFO - Data saved successfully to inventory.json
2025-10-24 09:45:30,744 - INFO - Data loaded successfully from inventory.json
2025-10-24 09:45:30,745 - INFO - Inventory system executed successfully.
2025-10-24 09:46:54,873 - INFO - 2025-10-24 09:46:54.873010: Added 10 of apple
2025-10-24 09:46:54,873 - INFO - 2025-10-24 09:46:54.873152: Added 2 of banana
2025-10-24 09:46:54,873 - INFO - 2025-10-24 09:46:54.873247: Added 0 of orange
2025-10-24 09:46:54,873 - INFO - Removed 'orange' from inventory.
2025-10-24 09:46:54,873 - INFO - Low stock items found: ['banana']
2025-10-24 09:46:54,873 - INFO - Data saved successfully to inventory.json
2025-10-24 09:46:54,873 - INFO - Data loaded successfully from inventory.json
2025-10-24 09:46:54,874 - INFO - Inventory system executed successfully.
